#
# There is insufficient memory for the Java Runtime Environment to continue.
# Native memory allocation (malloc) failed to allocate 1112016 bytes for Chunk::new
# Possible reasons:
#   The system is out of physical RAM or swap space
#   In 32 bit mode, the process size limit was hit
# Possible solutions:
#   Reduce memory load on the system
#   Increase physical memory or swap space
#   Check if swap backing store is full
#   Use 64 bit Java on a 64 bit OS
#   Decrease Java heap size (-Xmx/-Xms)
#   Decrease number of Java threads
#   Decrease Java thread stack sizes (-Xss)
#   Set larger code cache with -XX:ReservedCodeCacheSize=
# This output file may be truncated or incomplete.
#
#  Out of Memory Error (allocation.cpp:390), pid=40228, tid=0x000000000000ae8c
#
# JRE version: Java(TM) SE Runtime Environment (8.0_111-b14) (build 1.8.0_111-b14)
# Java VM: Java HotSpot(TM) 64-Bit Server VM (25.111-b14 mixed mode windows-amd64 compressed oops)
# Failed to write core dump. Minidumps are not enabled by default on client versions of Windows
#

---------------  T H R E A D  ---------------

Current thread (0x000000005816f000):  JavaThread "C2 CompilerThread0" daemon [_thread_in_native, id=44684, stack(0x0000000058950000,0x0000000058a50000)]

Stack: [0x0000000058950000,0x0000000058a50000]
[error occurred during error reporting (printing stack bounds), id 0xc0000005]

Native frames: (J=compiled Java code, j=interpreted, Vv=VM code, C=native code)


Current CompileTask:
C2:   1954  882       4       java.io.WinNTFileSystem::normalize (143 bytes)


---------------  P R O C E S S  ---------------

Java Threads: ( => current thread )
  0x0000000058209800 JavaThread "Service Thread" daemon [_thread_blocked, id=628, stack(0x0000000058ea0000,0x0000000058fa0000)]
  0x0000000058190800 JavaThread "C1 CompilerThread2" daemon [_thread_blocked, id=10388, stack(0x0000000058c90000,0x0000000058d90000)]
  0x0000000058182000 JavaThread "C2 CompilerThread1" daemon [_thread_blocked, id=6672, stack(0x0000000058b30000,0x0000000058c30000)]
=>0x000000005816f000 JavaThread "C2 CompilerThread0" daemon [_thread_in_native, id=44684, stack(0x0000000058950000,0x0000000058a50000)]
  0x000000005816d000 JavaThread "Attach Listener" daemon [_thread_blocked, id=30052, stack(0x0000000058810000,0x0000000058910000)]
  0x0000000056dff000 JavaThread "Signal Dispatcher" daemon [_thread_blocked, id=10268, stack(0x00000000586d0000,0x00000000587d0000)]
  0x0000000056de2000 JavaThread "Finalizer" daemon [_thread_blocked, id=46472, stack(0x0000000057f10000,0x0000000058010000)]
  0x0000000056d9a800 JavaThread "Reference Handler" daemon [_thread_blocked, id=43968, stack(0x0000000058050000,0x0000000058150000)]
  0x000000000213e800 JavaThread "main" [_thread_in_native, id=47072, stack(0x0000000002410000,0x0000000002510000)]

Other Threads:
  0x0000000056d93000 VMThread [stack: 0x0000000057d70000,0x0000000057e70000] [id=9544]
  0x00000000582ac800 WatcherThread [stack: 0x0000000059030000,0x0000000059130000] [id=46152]

VM state:not at safepoint (normal execution)

VM Mutex/Monitor currently owned by a thread: None

Heap:
 PSYoungGen      total 36352K, used 34148K [0x00000000d7b80000, 0x00000000da400000, 0x0000000100000000)
  eden space 31232K, 96% used [0x00000000d7b80000,0x00000000d98ed7f0,0x00000000d9a00000)
  from space 5120K, 78% used [0x00000000d9a00000,0x00000000d9deb9c8,0x00000000d9f00000)
  to   space 5120K, 0% used [0x00000000d9f00000,0x00000000d9f00000,0x00000000da400000)
 ParOldGen       total 83456K, used 80K [0x0000000087200000, 0x000000008c380000, 0x00000000d7b80000)
  object space 83456K, 0% used [0x0000000087200000,0x0000000087214028,0x000000008c380000)
 Metaspace       used 9362K, capacity 9542K, committed 9728K, reserved 1058816K
  class space    used 1136K, capacity 1174K, committed 1280K, reserved 1048576K

Card table byte_map: [0x00000000118d0000,0x0000000011ca0000] byte_map_base: 0x0000000011497000

Marking Bits: (ParMarkBitMap*) 0x0000000070a6a6c0
 Begin Bits: [0x00000000123c0000, 0x00000000141f8000)
 End Bits:   [0x00000000141f8000, 0x0000000016030000)

Polling page: 0x0000000000130000

CodeCache: size=245760Kb used=3817Kb max_used=3817Kb free=241942Kb
 bounds [0x0000000002510000, 0x00000000028d0000, 0x0000000011510000]
 total_blobs=1228 nmethods=926 adapters=215
 compilation: enabled

Compilation events (10 events):
Event: 1.896 Thread 0x0000000058190800  926       3       java.util.LinkedHashMap::linkNodeLast (33 bytes)
Event: 1.896 Thread 0x0000000058190800 nmethod 926 0x00000000028c6690 code [0x00000000028c6800, 0x00000000028c6a10]
Event: 1.896 Thread 0x0000000058190800  927       3       java.util.LinkedHashMap::afterNodeInsertion (40 bytes)
Event: 1.897 Thread 0x0000000058190800 nmethod 927 0x00000000028c5e50 code [0x00000000028c5fe0, 0x00000000028c6508]
Event: 1.897 Thread 0x0000000058190800  922   !   3       java.lang.StringCoding::encode (120 bytes)
Event: 1.899 Thread 0x0000000058190800 nmethod 922 0x00000000028c8d10 code [0x00000000028c9060, 0x00000000028caa78]
Event: 1.899 Thread 0x0000000058190800  923       3       java.lang.StringCoding::safeTrim (24 bytes)
Event: 1.900 Thread 0x0000000058190800 nmethod 923 0x00000000028c5650 code [0x00000000028c57e0, 0x00000000028c5c88]
Event: 1.901 Thread 0x0000000058190800  928  s    3       java.util.Vector::elementAt (48 bytes)
Event: 1.902 Thread 0x0000000058190800 nmethod 928 0x00000000028cbdd0 code [0x00000000028cbfe0, 0x00000000028ccb68]

GC Heap History (2 events):
Event: 1.224 GC heap before
{Heap before GC invocations=1 (full 0):
 PSYoungGen      total 36352K, used 31232K [0x00000000d7b80000, 0x00000000da400000, 0x0000000100000000)
  eden space 31232K, 100% used [0x00000000d7b80000,0x00000000d9a00000,0x00000000d9a00000)
  from space 5120K, 0% used [0x00000000d9f00000,0x00000000d9f00000,0x00000000da400000)
  to   space 5120K, 0% used [0x00000000d9a00000,0x00000000d9a00000,0x00000000d9f00000)
 ParOldGen       total 83456K, used 0K [0x0000000087200000, 0x000000008c380000, 0x00000000d7b80000)
  object space 83456K, 0% used [0x0000000087200000,0x0000000087200000,0x000000008c380000)
 Metaspace       used 6015K, capacity 6592K, committed 6656K, reserved 1056768K
  class space    used 732K, capacity 752K, committed 768K, reserved 1048576K
Event: 1.231 GC heap after
Heap after GC invocations=1 (full 0):
 PSYoungGen      total 36352K, used 4014K [0x00000000d7b80000, 0x00000000da400000, 0x0000000100000000)
  eden space 31232K, 0% used [0x00000000d7b80000,0x00000000d7b80000,0x00000000d9a00000)
  from space 5120K, 78% used [0x00000000d9a00000,0x00000000d9deb9c8,0x00000000d9f00000)
  to   space 5120K, 0% used [0x00000000d9f00000,0x00000000d9f00000,0x00000000da400000)
 ParOldGen       total 83456K, used 80K [0x0000000087200000, 0x000000008c380000, 0x00000000d7b80000)
  object space 83456K, 0% used [0x0000000087200000,0x0000000087214028,0x000000008c380000)
 Metaspace       used 6015K, capacity 6592K, committed 6656K, reserved 1056768K
  class space    used 732K, capacity 752K, committed 768K, reserved 1048576K
}

Deoptimization events (8 events):
Event: 0.300 Thread 0x000000000213e800 Uncommon trap: reason=unstable_if action=reinterpret pc=0x0000000002623290 method=java.lang.String.hashCode()I @ 14
Event: 0.848 Thread 0x000000000213e800 Uncommon trap: reason=unstable_if action=reinterpret pc=0x00000000026da550 method=java.io.WinNTFileSystem.normalize(Ljava/lang/String;II)Ljava/lang/String; @ 8
Event: 1.253 Thread 0x000000000213e800 Uncommon trap: reason=unstable_if action=reinterpret pc=0x0000000002690ee8 method=java.lang.String.indexOf([CII[CIII)I @ 3
Event: 1.303 Thread 0x000000000213e800 Uncommon trap: reason=unstable_if action=reinterpret pc=0x0000000002780c84 method=org.apache.xerces.impl.XMLEntityScanner.scanContent(Lorg/apache/xerces/xni/XMLString;)I @ 461
Event: 1.403 Thread 0x000000000213e800 Uncommon trap: reason=unstable_if action=reinterpret pc=0x000000000270ae24 method=sun.misc.MetaIndex.mayContain(Ljava/lang/String;)Z @ 38
Event: 1.466 Thread 0x000000000213e800 Uncommon trap: reason=unstable_if action=reinterpret pc=0x0000000002736d68 method=java.io.WinNTFileSystem.normalize(Ljava/lang/String;)Ljava/lang/String; @ 128
Event: 1.701 Thread 0x000000000213e800 Uncommon trap: reason=unstable_if action=reinterpret pc=0x0000000002832880 method=java.util.HashMap.getNode(ILjava/lang/Object;)Ljava/util/HashMap$Node; @ 62
Event: 1.701 Thread 0x000000000213e800 Uncommon trap: reason=unstable_if action=reinterpret pc=0x000000000277e000 method=java.util.HashMap.getNode(ILjava/lang/Object;)Ljava/util/HashMap$Node; @ 62

Internal exceptions (10 events):
Event: 0.829 Thread 0x000000000213e800 Exception <a 'java/lang/ClassNotFoundException': org/apache/log4j/FileAppenderBeanInfo> (0x00000000d85cdf38) thrown at [C:\re\workspace\8-2-build-windows-amd64-cygwin\jdk8u111\7883\hotspot\src\share\vm\classfile\systemDictionary.cpp, line 210]
Event: 0.831 Thread 0x000000000213e800 Exception <a 'java/lang/ClassNotFoundException': org/apache/log4j/WriterAppenderBeanInfo> (0x00000000d85f0a78) thrown at [C:\re\workspace\8-2-build-windows-amd64-cygwin\jdk8u111\7883\hotspot\src\share\vm\classfile\systemDictionary.cpp, line 210]
Event: 0.832 Thread 0x000000000213e800 Exception <a 'java/lang/ClassNotFoundException': org/apache/log4j/AppenderSkeletonBeanInfo> (0x00000000d86143d0) thrown at [C:\re\workspace\8-2-build-windows-amd64-cygwin\jdk8u111\7883\hotspot\src\share\vm\classfile\systemDictionary.cpp, line 210]
Event: 0.833 Thread 0x000000000213e800 Exception <a 'java/lang/ClassNotFoundException': org/apache/log4j/AppenderSkeletonCustomizer> (0x00000000d863a020) thrown at [C:\re\workspace\8-2-build-windows-amd64-cygwin\jdk8u111\7883\hotspot\src\share\vm\classfile\systemDictionary.cpp, line 210]
Event: 0.838 Thread 0x000000000213e800 Exception <a 'java/lang/ClassNotFoundException': org/apache/log4j/WriterAppenderCustomizer> (0x00000000d8674070) thrown at [C:\re\workspace\8-2-build-windows-amd64-cygwin\jdk8u111\7883\hotspot\src\share\vm\classfile\systemDictionary.cpp, line 210]
Event: 0.841 Thread 0x000000000213e800 Exception <a 'java/lang/ClassNotFoundException': org/apache/log4j/FileAppenderCustomizer> (0x00000000d86a33e8) thrown at [C:\re\workspace\8-2-build-windows-amd64-cygwin\jdk8u111\7883\hotspot\src\share\vm\classfile\systemDictionary.cpp, line 210]
Event: 0.844 Thread 0x000000000213e800 Exception <a 'java/lang/ClassNotFoundException': org/apache/log4j/RollingFileAppenderCustomizer> (0x00000000d86d5db0) thrown at [C:\re\workspace\8-2-build-windows-amd64-cygwin\jdk8u111\7883\hotspot\src\share\vm\classfile\systemDictionary.cpp, line 210]
Event: 1.847 Thread 0x000000000213e800 Exception <a 'java/io/FileNotFoundException'> (0x00000000d975bde0) thrown at [C:\re\workspace\8-2-build-windows-amd64-cygwin\jdk8u111\7883\hotspot\src\share\vm\prims\jni.cpp, line 709]
Event: 1.847 Thread 0x000000000213e800 Exception <a 'java/security/PrivilegedActionException'> (0x00000000d975c1b8) thrown at [C:\re\workspace\8-2-build-windows-amd64-cygwin\jdk8u111\7883\hotspot\src\share\vm\prims\jvm.cpp, line 1386]
Event: 1.847 Thread 0x000000000213e800 Exception <a 'java/lang/reflect/InvocationTargetException'> (0x00000000d975e2c0) thrown at [C:\re\workspace\8-2-build-windows-amd64-cygwin\jdk8u111\7883\hotspot\src\share\vm\runtime\reflection.cpp, line 1092]

Events (10 events):
Event: 1.901 loading class java/net/Inet4Address
Event: 1.901 loading class java/net/Inet4Address done
Event: 1.901 loading class java/net/Inet6Address
Event: 1.901 loading class java/net/Inet6Address done
Event: 1.901 loading class java/net/Inet6Address$Inet6AddressHolder
Event: 1.902 loading class java/net/Inet6Address$Inet6AddressHolder done
Event: 1.902 loading class java/net/InterfaceAddress
Event: 1.902 loading class java/net/InterfaceAddress done
Event: 1.902 loading class java/net/DefaultInterface
Event: 1.902 loading class java/net/DefaultInterface done


Dynamic libraries:
0x000000013f6f0000 - 0x000000013f727000 	D:\java8_jre\bin\javaw.exe
0x0000000076fb0000 - 0x0000000077159000 	C:\Windows\SYSTEM32\ntdll.dll
0x0000000076d90000 - 0x0000000076eb0000 	C:\Windows\system32\kernel32.dll
0x000007fefd060000 - 0x000007fefd0cc000 	C:\Windows\system32\KERNELBASE.dll
0x000007feff1e0000 - 0x000007feff2bb000 	C:\Windows\system32\ADVAPI32.dll
0x000007fefd710000 - 0x000007fefd7af000 	C:\Windows\system32\msvcrt.dll
0x000007fefe880000 - 0x000007fefe89f000 	C:\Windows\SYSTEM32\sechost.dll
0x000007fefe540000 - 0x000007fefe66d000 	C:\Windows\system32\RPCRT4.dll
0x0000000076eb0000 - 0x0000000076faa000 	C:\Windows\system32\USER32.dll
0x000007fefea40000 - 0x000007fefeaa7000 	C:\Windows\system32\GDI32.dll
0x000007fefe9b0000 - 0x000007fefe9be000 	C:\Windows\system32\LPK.dll
0x000007fefeab0000 - 0x000007fefeb7a000 	C:\Windows\system32\USP10.dll
0x000007fefb680000 - 0x000007fefb874000 	C:\Windows\WinSxS\amd64_microsoft.windows.common-controls_6595b64144ccf1df_6.0.7601.18837_none_fa3b1e3d17594757\COMCTL32.dll
0x000007fefd530000 - 0x000007fefd5a1000 	C:\Windows\system32\SHLWAPI.dll
0x000007fefe670000 - 0x000007fefe69e000 	C:\Windows\system32\IMM32.DLL
0x000007fefe8a0000 - 0x000007fefe9a9000 	C:\Windows\system32\MSCTF.dll
0x00000000721e0000 - 0x00000000722b2000 	D:\java8_jre\bin\msvcr100.dll
0x0000000070250000 - 0x0000000070aea000 	D:\java8_jre\bin\server\jvm.dll
0x000007fefa840000 - 0x000007fefa849000 	C:\Windows\system32\WSOCK32.dll
0x000007fefef20000 - 0x000007fefef6d000 	C:\Windows\system32\WS2_32.dll
0x000007fefd520000 - 0x000007fefd528000 	C:\Windows\system32\NSI.dll
0x000007feeb070000 - 0x000007feeb0ab000 	C:\Windows\system32\WINMM.dll
0x000007fefbfa0000 - 0x000007fefbfac000 	C:\Windows\system32\VERSION.dll
0x0000000077180000 - 0x0000000077187000 	C:\Windows\system32\PSAPI.DLL
0x000000005ff80000 - 0x000000005ff8f000 	D:\java8_jre\bin\verify.dll
0x000000005c2a0000 - 0x000000005c2c9000 	D:\java8_jre\bin\java.dll
0x000000005ff60000 - 0x000000005ff76000 	D:\java8_jre\bin\zip.dll
0x000007fefd7b0000 - 0x000007fefe539000 	C:\Windows\system32\SHELL32.dll
0x000007fefed10000 - 0x000007fefef13000 	C:\Windows\system32\ole32.dll
0x000007fefceb0000 - 0x000007fefcebf000 	C:\Windows\system32\profapi.dll
0x00000000735c0000 - 0x00000000735cd000 	D:\java8_jre\bin\management.dll
0x00000000733e0000 - 0x00000000733e9000 	D:\java8_jre\bin\w2k_lsa_auth.dll
0x000007fefca80000 - 0x000007fefca8b000 	C:\Windows\system32\Secur32.dll
0x000007fefcb90000 - 0x000007fefcbb5000 	C:\Windows\system32\SSPICLI.DLL
0x00000000732b0000 - 0x00000000732b9000 	D:\java8_jre\bin\jaas_nt.dll
0x000000005c280000 - 0x000000005c29a000 	D:\java8_jre\bin\net.dll
0x000007fefc700000 - 0x000007fefc755000 	C:\Windows\system32\mswsock.dll
0x000007fefc6f0000 - 0x000007fefc6f7000 	C:\Windows\System32\wship6.dll
0x000007fefa1a0000 - 0x000007fefa1c7000 	C:\Windows\system32\IPHLPAPI.DLL
0x000007fefa190000 - 0x000007fefa19b000 	C:\Windows\system32\WINNSI.DLL
0x000007fef9f40000 - 0x000007fef9f58000 	C:\Windows\system32\dhcpcsvc.DLL
0x000007fef9f20000 - 0x000007fef9f31000 	C:\Windows\system32\dhcpcsvc6.DLL

VM Arguments:
jvm_args: -Dfile.encoding=UTF-8 
java_command: com.cetc.seu.spark.query.TestSparqlToHbase
java_class_path (initial): C:\Users\Think\Desktop\28s\yaosheng\KGStorage\target\test-classes;C:\Users\Think\Desktop\28s\yaosheng\KGStorage\target\classes;C:\Users\Think\.m2\repository\dom4j\dom4j\1.6.1\dom4j-1.6.1.jar;C:\Users\Think\.m2\repository\org\apache\hbase\hbase-client\0.98.22-hadoop2\hbase-client-0.98.22-hadoop2.jar;C:\Users\Think\.m2\repository\org\apache\hbase\hbase-annotations\0.98.22-hadoop2\hbase-annotations-0.98.22-hadoop2.jar;C:\Users\Think\.m2\repository\org\apache\hbase\hbase-common\0.98.22-hadoop2\hbase-common-0.98.22-hadoop2.jar;C:\Users\Think\.m2\repository\org\apache\hbase\hbase-protocol\0.98.22-hadoop2\hbase-protocol-0.98.22-hadoop2.jar;C:\Users\Think\.m2\repository\commons-codec\commons-codec\1.7\commons-codec-1.7.jar;C:\Users\Think\.m2\repository\commons-io\commons-io\2.4\commons-io-2.4.jar;C:\Users\Think\.m2\repository\commons-lang\commons-lang\2.6\commons-lang-2.6.jar;C:\Users\Think\.m2\repository\commons-logging\commons-logging\1.1.1\commons-logging-1.1.1.jar;C:\Users\Think\.m2\repository\com\google\guava\guava\12.0.1\guava-12.0.1.jar;C:\Users\Think\.m2\repository\com\google\protobuf\protobuf-java\2.5.0\protobuf-java-2.5.0.jar;C:\Users\Think\.m2\repository\io\netty\netty\3.6.6.Final\netty-3.6.6.Final.jar;C:\Users\Think\.m2\repository\org\apache\zookeeper\zookeeper\3.4.6\zookeeper-3.4.6.jar;C:\Users\Think\.m2\repository\org\cloudera\htrace\htrace-core\2.04\htrace-core-2.04.jar;C:\Users\Think\.m2\repository\org\codehaus\jackson\jackson-mapper-asl\1.8.8\jackson-mapper-asl-1.8.8.jar;C:\Users\Think\.m2\repository\org\jruby\jcodings\jcodings\1.0.8\jcodings-1.0.8.jar;C:\Users\Think\.m2\repository\org\jruby\joni\joni\2.1.2\joni-2.1.2.jar;C:\Users\Think\.m2\repository\com\yammer\metrics\metrics-core\2.2.0\metrics-core-2.2.0.jar;C:\Users\Think\.m2\repository\org\apache\hadoop\hadoop-auth\2.2.0\hadoop-auth-2.2.0.jar;C:\Users\Think\.m2\repository\org\apache\hadoop\hadoop-common\2.2.0\hadoop-common-2.2.0.jar;C:\Users\Think\.m2\repository\xmlenc\xmle
Launcher Type: SUN_STANDARD

Environment Variables:
JAVA_HOME=D:\java8_jdk
CLASSPATH=.;D:\java8_jdk\lib;D:\java8_jdk\lib\tools.jar;E:\java\tomcat\apache-tomcat-6.0.43\lib;E:\java\tomcat\apache-tomcat-6.0.43\bin .;D:\java_jdk\antlr-4.5.3-complete.jar
PATH=D:/java8_jre/bin/server;D:/java8_jre/bin;D:/java8_jre/lib/amd64;C:\ProgramData\Oracle\Java\javapath;C:\Program Files (x86)\Intel\iCLS Client\;C:\Program Files\Intel\iCLS Client\;C:\Windows\system32;C:\Windows;C:\Windows\System32\Wbem;C:\Windows\System32\WindowsPowerShell\v1.0\;C:\Program Files\Intel\Intel(R) Management Engine Components\DAL;C:\Program Files\Intel\Intel(R) Management Engine Components\IPT;C:\Program Files (x86)\Intel\Intel(R) Management Engine Components\DAL;C:\Program Files (x86)\Intel\Intel(R) Management Engine Components\IPT;C:\Program Files (x86)\Intel\OpenCL SDK\2.0\bin\x86;C:\Program Files (x86)\Intel\OpenCL SDK\2.0\bin\x64;;E:\mysql\bin;D:\java8_jdk\bin;D:\java8_jdk\jre\bin;E:\Drive\AMD\ATI.ACE\Core-Static;C:\Program Files\Microsoft\Web Platform Installer\;C:\Program Files (x86)\Microsoft ASP.NET\ASP.NET Web Pages\v1.0\;C:\Program Files\Microsoft SQL Server\110\Tools\Binn\;C:\Program Files (x86)\ATI Technologies\ATI.ACE\Core-Static; D:\java8_jdk\bin;D:\java8_jdk\jre\bin;C:\Program Files (x86)\Microsoft SQL Server\100\Tools\Binn\;C:\Program Files\Microsoft SQL Server\100\Tools\Binn\;C:\Program Files\Microsoft SQL Server\100\DTS\Binn\;D:\QuickTime\QTSystem\;D:\java8_jdk\bin;D:\Git\cmd;D:\hugo;C:\Windows\System32;D:\java8_jdk\bin;D:\java8_jdk\jre\bin;D:\apache-maven-3.3.9\bin;E:\protobuf\protobuf-master\src;D:\apache-maven-3.3.9\bin;D:\eclipse-java-neon-R-win32-x86_64\eclipse;
USERNAME=Think
OS=Windows_NT
PROCESSOR_IDENTIFIER=Intel64 Family 6 Model 58 Stepping 9, GenuineIntel



---------------  S Y S T E M  ---------------

OS: Windows 7 , 64 bit Build 7601 (6.1.7601.19018)

CPU:total 4 (2 cores per cpu, 2 threads per core) family 6 model 58 stepping 9, cmov, cx8, fxsr, mmx, sse, sse2, sse3, ssse3, sse4.1, sse4.2, popcnt, avx, aes, clmul, erms, ht, tsc, tscinvbit, tscinv

Memory: 4k page, physical 7916292k(1349072k free), swap 10128888k(4576k free)

vm_info: Java HotSpot(TM) 64-Bit Server VM (25.111-b14) for windows-amd64 JRE (1.8.0_111-b14), built on Sep 22 2016 19:24:05 by "java_re" with MS VC++ 10.0 (VS2010)

time: Fri Apr 28 15:41:43 2017
elapsed time: 1 seconds (0d 0h 0m 1s)

